app/build/intermediates/manifest_merge_blame_file/release/manifest-merger-blame-release-report.txt
1<?xml version="1.0" encoding="utf-8"?>
2<manifest xmlns:android="http://schemas.android.com/apk/res/android"
3    package="com.hardcopy.retroband"
4    android:versionCode="3"
5    android:versionName="1.0.2" >
6
7    <uses-sdk
7-->src\main\AndroidManifest.xml:7:5-47
8        android:minSdkVersion="14"
8-->src\main\AndroidManifest.xml:7:5-47
9        android:targetSdkVersion="14" />
9-->src\main\AndroidManifest.xml:7:15-44
10
11    <uses-permission android:name="android.permission.BLUETOOTH_ADMIN" />
11-->src\main\AndroidManifest.xml:9:5-74
11-->src\main\AndroidManifest.xml:9:22-71
12    <uses-permission android:name="android.permission.BLUETOOTH" />
12-->src\main\AndroidManifest.xml:10:5-68
12-->src\main\AndroidManifest.xml:10:22-65
13
14    <!--
15    <uses-permission android:name="android.permission.GET_ACCOUNTS" />
16    <uses-permission android:name="com.google.android.gm.permission.READ_CONTENT_PROVIDER"/>
17    <uses-permission android:name="android.permission.RECEIVE_SMS" />
18    <uses-permission android:name="android.permission.READ_PHONE_STATE" />
19    <uses-permission android:name="android.permission.INTERNET" />
20    <uses-permission android:name="android.permission.ACCESS_WIFI_STATE" />
21    -->
22    <application
22-->src\main\AndroidManifest.xml:20:5-52:19
23        android:allowBackup="true"
23-->src\main\AndroidManifest.xml:21:9-35
24        android:appComponentFactory="android.support.v4.app.CoreComponentFactory"
24-->[com.android.support:support-compat:28.0.0] AndroidManifest.xml:22:18-91
25        android:icon="@drawable/logo"
25-->src\main\AndroidManifest.xml:22:9-38
26        android:label="@string/app_name"
26-->src\main\AndroidManifest.xml:23:9-41
27        android:theme="@style/AppTheme" >
27-->src\main\AndroidManifest.xml:24:9-40
28
29        <!-- Activity -->
30        <activity
30-->src\main\AndroidManifest.xml:27:9-36:20
31            android:name="com.hardcopy.retroband.MainActivity"
31-->src\main\AndroidManifest.xml:28:13-63
32            android:configChanges="keyboardHidden|orientation|screenSize"
32-->src\main\AndroidManifest.xml:31:13-74
33            android:label="@string/app_name"
33-->src\main\AndroidManifest.xml:29:13-45
34            android:launchMode="singleTask" >
34-->src\main\AndroidManifest.xml:30:13-44
35            <intent-filter>
35-->src\main\AndroidManifest.xml:32:13-35:29
36                <action android:name="android.intent.action.MAIN" />
36-->src\main\AndroidManifest.xml:33:17-69
36-->src\main\AndroidManifest.xml:33:25-66
37
38                <category android:name="android.intent.category.LAUNCHER" />
38-->src\main\AndroidManifest.xml:34:17-77
38-->src\main\AndroidManifest.xml:34:27-74
39            </intent-filter>
40        </activity>
41        <activity
41-->src\main\AndroidManifest.xml:38:9-42:20
42            android:name="com.hardcopy.retroband.DeviceListActivity"
42-->src\main\AndroidManifest.xml:38:19-53
43            android:configChanges="keyboardHidden|orientation|screenSize"
43-->src\main\AndroidManifest.xml:41:19-80
44            android:label="@string/select_device"
44-->src\main\AndroidManifest.xml:39:19-56
45            android:theme="@android:style/Theme.Dialog" >
45-->src\main\AndroidManifest.xml:40:19-62
46        </activity>
47
48        <!-- Service -->
49        <service
49-->src\main\AndroidManifest.xml:45:9-50:19
50            android:name="com.hardcopy.retroband.service.RetroBandService"
50-->src\main\AndroidManifest.xml:46:13-76
51            android:configChanges="keyboardHidden|orientation|screenSize"
51-->src\main\AndroidManifest.xml:49:13-74
52            android:icon="@drawable/logo"
52-->src\main\AndroidManifest.xml:47:13-42
53            android:label="@string/service_name" >
53-->src\main\AndroidManifest.xml:48:13-50
54        </service>
55    </application>
56
57</manifest>